# JRE version: OpenJDK Runtime Environment (8.0_202-b03) (build 1.8.0_202-release-1483-b03)
# Java VM: OpenJDK 64-Bit Server VM (25.202-b03 mixed mode windows-amd64 compressed oops)
Heap:
 PSYoungGen      total 425984K, used 39173K [0x00000000e0000000, 0x00000000fd300000, 0x0000000100000000)
  eden space 381952K, 7% used [0x00000000e0000000,0x00000000e1d85368,0x00000000f7500000)
  from space 44032K, 20% used [0x00000000fa800000,0x00000000fb0bc358,0x00000000fd300000)
  to   space 48128K, 0% used [0x00000000f7500000,0x00000000f7500000,0x00000000fa400000)
 ParOldGen       total 256000K, used 75896K [0x00000000a0000000, 0x00000000afa00000, 0x00000000e0000000)
  object space 256000K, 29% used [0x00000000a0000000,0x00000000a4a1e310,0x00000000afa00000)
 Metaspace       used 86675K, capacity 91574K, committed 91736K, reserved 1128448K
  class space    used 11223K, capacity 12150K, committed 12160K, reserved 1048576K
GC Heap History (10 events):
Event: 2552.317 GC heap before
{Heap before GC invocations=25 (full 3):
 PSYoungGen      total 261120K, used 256010K [0x00000000e0000000, 0x00000000f5d80000, 0x0000000100000000)
  eden space 216064K, 100% used [0x00000000e0000000,0x00000000ed300000,0x00000000ed300000)
  from space 45056K, 88% used [0x00000000ed300000,0x00000000efa02bd8,0x00000000eff00000)
  to   space 49152K, 0% used [0x00000000f2d80000,0x00000000f2d80000,0x00000000f5d80000)
 ParOldGen       total 256000K, used 48611K [0x00000000a0000000, 0x00000000afa00000, 0x00000000e0000000)
  object space 256000K, 18% used [0x00000000a0000000,0x00000000a2f78e70,0x00000000afa00000)
 Metaspace       used 85440K, capacity 90172K, committed 90328K, reserved 1128448K
  class space    used 11079K, capacity 11971K, committed 12032K, reserved 1048576K
Event: 2552.348 GC heap after
Heap after GC invocations=25 (full 3):
 PSYoungGen      total 306688K, used 35189K [0x00000000e0000000, 0x00000000f6d00000, 0x0000000100000000)
  eden space 257536K, 0% used [0x00000000e0000000,0x00000000e0000000,0x00000000efb80000)
  from space 49152K, 71% used [0x00000000f2d80000,0x00000000f4fdd448,0x00000000f5d80000)
  to   space 51200K, 0% used [0x00000000efb80000,0x00000000efb80000,0x00000000f2d80000)
 ParOldGen       total 256000K, used 51139K [0x00000000a0000000, 0x00000000afa00000, 0x00000000e0000000)
  object space 256000K, 19% used [0x00000000a0000000,0x00000000a31f0f10,0x00000000afa00000)
 Metaspace       used 85440K, capacity 90172K, committed 90328K, reserved 1128448K
  class space    used 11079K, capacity 11971K, committed 12032K, reserved 1048576K
}
Event: 2552.657 GC heap before
{Heap before GC invocations=26 (full 3):
 PSYoungGen      total 306688K, used 292725K [0x00000000e0000000, 0x00000000f6d00000, 0x0000000100000000)
  eden space 257536K, 100% used [0x00000000e0000000,0x00000000efb80000,0x00000000efb80000)
  from space 49152K, 71% used [0x00000000f2d80000,0x00000000f4fdd448,0x00000000f5d80000)
  to   space 51200K, 0% used [0x00000000efb80000,0x00000000efb80000,0x00000000f2d80000)
 ParOldGen       total 256000K, used 51139K [0x00000000a0000000, 0x00000000afa00000, 0x00000000e0000000)
  object space 256000K, 19% used [0x00000000a0000000,0x00000000a31f0f10,0x00000000afa00000)
 Metaspace       used 85645K, capacity 90402K, committed 90584K, reserved 1128448K
  class space    used 11095K, capacity 12004K, committed 12032K, reserved 1048576K
Event: 2552.678 GC heap after
Heap after GC invocations=26 (full 3):
 PSYoungGen      total 308736K, used 28519K [0x00000000e0000000, 0x00000000f9e80000, 0x0000000100000000)
  eden space 257536K, 0% used [0x00000000e0000000,0x00000000e0000000,0x00000000efb80000)
  from space 51200K, 55% used [0x00000000efb80000,0x00000000f1759d58,0x00000000f2d80000)
  to   space 49664K, 0% used [0x00000000f6e00000,0x00000000f6e00000,0x00000000f9e80000)
 ParOldGen       total 256000K, used 61228K [0x00000000a0000000, 0x00000000afa00000, 0x00000000e0000000)
  object space 256000K, 23% used [0x00000000a0000000,0x00000000a3bcb068,0x00000000afa00000)
 Metaspace       used 85645K, capacity 90402K, committed 90584K, reserved 1128448K
  class space    used 11095K, capacity 12004K, committed 12032K, reserved 1048576K
}
Event: 2553.043 GC heap before
{Heap before GC invocations=27 (full 3):
 PSYoungGen      total 308736K, used 286055K [0x00000000e0000000, 0x00000000f9e80000, 0x0000000100000000)
  eden space 257536K, 100% used [0x00000000e0000000,0x00000000efb80000,0x00000000efb80000)
  from space 51200K, 55% used [0x00000000efb80000,0x00000000f1759d58,0x00000000f2d80000)
  to   space 49664K, 0% used [0x00000000f6e00000,0x00000000f6e00000,0x00000000f9e80000)
 ParOldGen       total 256000K, used 61228K [0x00000000a0000000, 0x00000000afa00000, 0x00000000e0000000)
  object space 256000K, 23% used [0x00000000a0000000,0x00000000a3bcb068,0x00000000afa00000)
 Metaspace       used 85715K, capacity 90506K, committed 90584K, reserved 1128448K
  class space    used 11100K, capacity 12010K, committed 12032K, reserved 1048576K
Event: 2553.067 GC heap after
Heap after GC invocations=27 (full 3):
 PSYoungGen      total 375296K, used 29795K [0x00000000e0000000, 0x00000000f9e80000, 0x0000000100000000)
  eden space 325632K, 0% used [0x00000000e0000000,0x00000000e0000000,0x00000000f3e00000)
  from space 49664K, 59% used [0x00000000f6e00000,0x00000000f8b18ff8,0x00000000f9e80000)
  to   space 49152K, 0% used [0x00000000f3e00000,0x00000000f3e00000,0x00000000f6e00000)
 ParOldGen       total 256000K, used 66185K [0x00000000a0000000, 0x00000000afa00000, 0x00000000e0000000)
  object space 256000K, 25% used [0x00000000a0000000,0x00000000a40a2778,0x00000000afa00000)
 Metaspace       used 85715K, capacity 90506K, committed 90584K, reserved 1128448K
  class space    used 11100K, capacity 12010K, committed 12032K, reserved 1048576K
}
Event: 2553.826 GC heap before
{Heap before GC invocations=28 (full 3):
 PSYoungGen      total 375296K, used 355427K [0x00000000e0000000, 0x00000000f9e80000, 0x0000000100000000)
  eden space 325632K, 100% used [0x00000000e0000000,0x00000000f3e00000,0x00000000f3e00000)
  from space 49664K, 59% used [0x00000000f6e00000,0x00000000f8b18ff8,0x00000000f9e80000)
  to   space 49152K, 0% used [0x00000000f3e00000,0x00000000f3e00000,0x00000000f6e00000)
 ParOldGen       total 256000K, used 66185K [0x00000000a0000000, 0x00000000afa00000, 0x00000000e0000000)
  object space 256000K, 25% used [0x00000000a0000000,0x00000000a40a2778,0x00000000afa00000)
 Metaspace       used 86519K, capacity 91342K, committed 91480K, reserved 1128448K
  class space    used 11197K, capacity 12100K, committed 12160K, reserved 1048576K
Event: 2553.843 GC heap after
Heap after GC invocations=28 (full 3):
 PSYoungGen      total 374784K, used 21843K [0x00000000e0000000, 0x00000000fd600000, 0x0000000100000000)
  eden space 325632K, 0% used [0x00000000e0000000,0x00000000e0000000,0x00000000f3e00000)
  from space 49152K, 44% used [0x00000000f3e00000,0x00000000f5354c18,0x00000000f6e00000)
  to   space 47104K, 0% used [0x00000000fa800000,0x00000000fa800000,0x00000000fd600000)
 ParOldGen       total 256000K, used 72678K [0x00000000a0000000, 0x00000000afa00000, 0x00000000e0000000)
  object space 256000K, 28% used [0x00000000a0000000,0x00000000a46f9ac0,0x00000000afa00000)
 Metaspace       used 86519K, capacity 91342K, committed 91480K, reserved 1128448K
  class space    used 11197K, capacity 12100K, committed 12160K, reserved 1048576K
}
Event: 2555.338 GC heap before
{Heap before GC invocations=29 (full 3):
 PSYoungGen      total 374784K, used 347475K [0x00000000e0000000, 0x00000000fd600000, 0x0000000100000000)
  eden space 325632K, 100% used [0x00000000e0000000,0x00000000f3e00000,0x00000000f3e00000)
  from space 49152K, 44% used [0x00000000f3e00000,0x00000000f5354c18,0x00000000f6e00000)
  to   space 47104K, 0% used [0x00000000fa800000,0x00000000fa800000,0x00000000fd600000)
 ParOldGen       total 256000K, used 72678K [0x00000000a0000000, 0x00000000afa00000, 0x00000000e0000000)
  object space 256000K, 28% used [0x00000000a0000000,0x00000000a46f9ac0,0x00000000afa00000)
 Metaspace       used 86675K, capacity 91574K, committed 91736K, reserved 1128448K
  class space    used 11223K, capacity 12150K, committed 12160K, reserved 1048576K
Event: 2555.354 GC heap after
Heap after GC invocations=29 (full 3):
 PSYoungGen      total 425984K, used 8944K [0x00000000e0000000, 0x00000000fd300000, 0x0000000100000000)
  eden space 381952K, 0% used [0x00000000e0000000,0x00000000e0000000,0x00000000f7500000)
  from space 44032K, 20% used [0x00000000fa800000,0x00000000fb0bc358,0x00000000fd300000)
  to   space 48128K, 0% used [0x00000000f7500000,0x00000000f7500000,0x00000000fa400000)
 ParOldGen       total 256000K, used 75896K [0x00000000a0000000, 0x00000000afa00000, 0x00000000e0000000)
  object space 256000K, 29% used [0x00000000a0000000,0x00000000a4a1e310,0x00000000afa00000)
 Metaspace       used 86675K, capacity 91574K, committed 91736K, reserved 1128448K
  class space    used 11223K, capacity 12150K, committed 12160K, reserved 1048576K
}

